{"/home/gabrip2000/Desktop/2021-2022-pai-tdd-codecov-gabriel-pablo/code/armstrong-numbers/src/armstrong.js": {"path":"/home/gabrip2000/Desktop/2021-2022-pai-tdd-codecov-gabriel-pablo/code/armstrong-numbers/src/armstrong.js","statementMap":{"0":{"start":{"line":28,"column":2},"end":{"line":32,"column":3}},"1":{"start":{"line":29,"column":4},"end":{"line":29,"column":16}},"2":{"start":{"line":31,"column":4},"end":{"line":31,"column":17}},"3":{"start":{"line":41,"column":22},"end":{"line":41,"column":28}},"4":{"start":{"line":42,"column":15},"end":{"line":42,"column":16}},"5":{"start":{"line":44,"column":2},"end":{"line":47,"column":3}},"6":{"start":{"line":45,"column":4},"end":{"line":45,"column":51}},"7":{"start":{"line":46,"column":4},"end":{"line":46,"column":13}},"8":{"start":{"line":49,"column":2},"end":{"line":49,"column":16}},"9":{"start":{"line":58,"column":17},"end":{"line":58,"column":35}},"10":{"start":{"line":60,"column":22},"end":{"line":60,"column":28}},"11":{"start":{"line":61,"column":15},"end":{"line":61,"column":16}},"12":{"start":{"line":63,"column":2},"end":{"line":67,"column":3}},"13":{"start":{"line":63,"column":15},"end":{"line":63,"column":16}},"14":{"start":{"line":64,"column":4},"end":{"line":64,"column":41}},"15":{"start":{"line":65,"column":4},"end":{"line":65,"column":51}},"16":{"start":{"line":66,"column":4},"end":{"line":66,"column":40}},"17":{"start":{"line":69,"column":2},"end":{"line":69,"column":16}},"18":{"start":{"line":79,"column":2},"end":{"line":97,"column":3}},"19":{"start":{"line":80,"column":4},"end":{"line":80,"column":48}},"20":{"start":{"line":81,"column":9},"end":{"line":97,"column":3}},"21":{"start":{"line":82,"column":4},"end":{"line":82,"column":60}},"22":{"start":{"line":83,"column":9},"end":{"line":97,"column":3}},"23":{"start":{"line":84,"column":4},"end":{"line":84,"column":46}},"24":{"start":{"line":85,"column":9},"end":{"line":97,"column":3}},"25":{"start":{"line":86,"column":4},"end":{"line":86,"column":48}},"26":{"start":{"line":87,"column":9},"end":{"line":97,"column":3}},"27":{"start":{"line":88,"column":4},"end":{"line":88,"column":58}},"28":{"start":{"line":90,"column":4},"end":{"line":96,"column":5}},"29":{"start":{"line":91,"column":6},"end":{"line":91,"column":58}},"30":{"start":{"line":92,"column":11},"end":{"line":96,"column":5}},"31":{"start":{"line":93,"column":6},"end":{"line":93,"column":58}},"32":{"start":{"line":95,"column":6},"end":{"line":95,"column":19}},"33":{"start":{"line":100,"column":0},"end":{"line":100,"column":77}}},"fnMap":{"0":{"name":"isArmstrongNumber","decl":{"start":{"line":27,"column":9},"end":{"line":27,"column":26}},"loc":{"start":{"line":27,"column":35},"end":{"line":33,"column":1}},"line":27},"1":{"name":"calcDigits","decl":{"start":{"line":40,"column":9},"end":{"line":40,"column":19}},"loc":{"start":{"line":40,"column":28},"end":{"line":50,"column":1}},"line":40},"2":{"name":"armstrongValue","decl":{"start":{"line":57,"column":9},"end":{"line":57,"column":23}},"loc":{"start":{"line":57,"column":32},"end":{"line":70,"column":1}},"line":57},"3":{"name":"checkValue","decl":{"start":{"line":78,"column":9},"end":{"line":78,"column":19}},"loc":{"start":{"line":78,"column":27},"end":{"line":98,"column":1}},"line":78}},"branchMap":{"0":{"loc":{"start":{"line":28,"column":2},"end":{"line":32,"column":3}},"type":"if","locations":[{"start":{"line":28,"column":2},"end":{"line":32,"column":3}},{"start":{"line":30,"column":9},"end":{"line":32,"column":3}}],"line":28},"1":{"loc":{"start":{"line":79,"column":2},"end":{"line":97,"column":3}},"type":"if","locations":[{"start":{"line":79,"column":2},"end":{"line":97,"column":3}},{"start":{"line":81,"column":9},"end":{"line":97,"column":3}}],"line":79},"2":{"loc":{"start":{"line":81,"column":9},"end":{"line":97,"column":3}},"type":"if","locations":[{"start":{"line":81,"column":9},"end":{"line":97,"column":3}},{"start":{"line":83,"column":9},"end":{"line":97,"column":3}}],"line":81},"3":{"loc":{"start":{"line":83,"column":9},"end":{"line":97,"column":3}},"type":"if","locations":[{"start":{"line":83,"column":9},"end":{"line":97,"column":3}},{"start":{"line":85,"column":9},"end":{"line":97,"column":3}}],"line":83},"4":{"loc":{"start":{"line":85,"column":9},"end":{"line":97,"column":3}},"type":"if","locations":[{"start":{"line":85,"column":9},"end":{"line":97,"column":3}},{"start":{"line":87,"column":9},"end":{"line":97,"column":3}}],"line":85},"5":{"loc":{"start":{"line":87,"column":9},"end":{"line":97,"column":3}},"type":"if","locations":[{"start":{"line":87,"column":9},"end":{"line":97,"column":3}},{"start":{"line":89,"column":9},"end":{"line":97,"column":3}}],"line":87},"6":{"loc":{"start":{"line":90,"column":4},"end":{"line":96,"column":5}},"type":"if","locations":[{"start":{"line":90,"column":4},"end":{"line":96,"column":5}},{"start":{"line":92,"column":11},"end":{"line":96,"column":5}}],"line":90},"7":{"loc":{"start":{"line":92,"column":11},"end":{"line":96,"column":5}},"type":"if","locations":[{"start":{"line":92,"column":11},"end":{"line":96,"column":5}},{"start":{"line":94,"column":11},"end":{"line":96,"column":5}}],"line":92}},"s":{"0":4,"1":2,"2":2,"3":9,"4":9,"5":9,"6":15,"7":15,"8":9,"9":6,"10":6,"11":6,"12":6,"13":6,"14":14,"15":14,"16":14,"17":6,"18":8,"19":1,"20":7,"21":1,"22":6,"23":1,"24":5,"25":1,"26":4,"27":1,"28":3,"29":1,"30":2,"31":1,"32":1,"33":1},"f":{"0":4,"1":9,"2":6,"3":8},"b":{"0":[2,2],"1":[1,7],"2":[1,6],"3":[1,5],"4":[1,4],"5":[1,3],"6":[1,2],"7":[1,1]},"_coverageSchema":"1a1c01bbd47fc00a2c39e90264f33305004495a9","hash":"685d346f47a43e0d3d12a31b4a56a51b08a9cc83"}
}
