TN:
SF:src/armstrong.js
FN:27,isArmstrongNumber
FN:40,calcDigits
FN:57,armstrongValue
FN:78,checkValue
FNF:4
FNH:4
FNDA:4,isArmstrongNumber
FNDA:9,calcDigits
FNDA:6,armstrongValue
FNDA:8,checkValue
DA:28,4
DA:29,2
DA:31,2
DA:41,9
DA:42,9
DA:44,9
DA:45,15
DA:46,15
DA:49,9
DA:58,6
DA:60,6
DA:61,6
DA:63,6
DA:64,14
DA:65,14
DA:66,14
DA:69,6
DA:79,8
DA:80,1
DA:81,7
DA:82,1
DA:83,6
DA:84,1
DA:85,5
DA:86,1
DA:87,4
DA:88,1
DA:90,3
DA:91,1
DA:92,2
DA:93,1
DA:95,1
DA:100,1
LF:33
LH:33
BRDA:28,0,0,2
BRDA:28,0,1,2
BRDA:79,1,0,1
BRDA:79,1,1,7
BRDA:81,2,0,1
BRDA:81,2,1,6
BRDA:83,3,0,1
BRDA:83,3,1,5
BRDA:85,4,0,1
BRDA:85,4,1,4
BRDA:87,5,0,1
BRDA:87,5,1,3
BRDA:90,6,0,1
BRDA:90,6,1,2
BRDA:92,7,0,1
BRDA:92,7,1,1
BRF:16
BRH:16
end_of_record
