TN:
SF:src/armstrong.js
FN:27,isArmstrongNumber
FN:40,calcDigits
FN:57,armstrongValue
FN:78,checkValue
FNF:4
FNH:3
FNDA:4,isArmstrongNumber
FNDA:9,calcDigits
FNDA:6,armstrongValue
FNDA:0,checkValue
DA:28,4
DA:29,2
DA:31,2
DA:41,9
DA:42,9
DA:44,9
DA:45,15
DA:46,15
DA:49,9
DA:58,6
DA:60,6
DA:61,6
DA:63,6
DA:64,14
DA:65,14
DA:66,14
DA:69,6
DA:79,0
DA:80,0
DA:81,0
DA:82,0
DA:83,0
DA:84,0
DA:85,0
DA:86,0
DA:87,0
DA:88,0
DA:90,0
DA:91,0
DA:92,0
DA:93,0
DA:95,0
DA:100,1
LF:33
LH:18
BRDA:28,0,0,2
BRDA:28,0,1,2
BRDA:79,1,0,0
BRDA:79,1,1,0
BRDA:81,2,0,0
BRDA:81,2,1,0
BRDA:83,3,0,0
BRDA:83,3,1,0
BRDA:85,4,0,0
BRDA:85,4,1,0
BRDA:87,5,0,0
BRDA:87,5,1,0
BRDA:90,6,0,0
BRDA:90,6,1,0
BRDA:92,7,0,0
BRDA:92,7,1,0
BRF:16
BRH:2
end_of_record
