{"/home/gabrip2000/Desktop/PAI/2021-2022-pai-tdd-codecov-gabriel-pablo/code/calculator/src/division.js": {"path":"/home/gabrip2000/Desktop/PAI/2021-2022-pai-tdd-codecov-gabriel-pablo/code/calculator/src/division.js","statementMap":{"0":{"start":{"line":24,"column":2},"end":{"line":26,"column":3}},"1":{"start":{"line":25,"column":4},"end":{"line":25,"column":30}},"2":{"start":{"line":27,"column":2},"end":{"line":27,"column":39}},"3":{"start":{"line":30,"column":0},"end":{"line":30,"column":31}}},"fnMap":{"0":{"name":"divideNumbers","decl":{"start":{"line":23,"column":9},"end":{"line":23,"column":22}},"loc":{"start":{"line":23,"column":41},"end":{"line":28,"column":1}},"line":23}},"branchMap":{"0":{"loc":{"start":{"line":24,"column":2},"end":{"line":26,"column":3}},"type":"if","locations":[{"start":{"line":24,"column":2},"end":{"line":26,"column":3}},{"start":{},"end":{}}],"line":24},"1":{"loc":{"start":{"line":24,"column":6},"end":{"line":24,"column":38}},"type":"binary-expr","locations":[{"start":{"line":24,"column":6},"end":{"line":24,"column":20}},{"start":{"line":24,"column":24},"end":{"line":24,"column":38}}],"line":24}},"s":{"0":4,"1":1,"2":3,"3":1},"f":{"0":4},"b":{"0":[1,3],"1":[4,4]},"_coverageSchema":"1a1c01bbd47fc00a2c39e90264f33305004495a9","hash":"6b46ee81f00d637c7fb7e36101cd29475bc9c7d3"}
,"/home/gabrip2000/Desktop/PAI/2021-2022-pai-tdd-codecov-gabriel-pablo/code/calculator/src/product.js": {"path":"/home/gabrip2000/Desktop/PAI/2021-2022-pai-tdd-codecov-gabriel-pablo/code/calculator/src/product.js","statementMap":{"0":{"start":{"line":24,"column":2},"end":{"line":26,"column":3}},"1":{"start":{"line":25,"column":4},"end":{"line":25,"column":30}},"2":{"start":{"line":27,"column":2},"end":{"line":27,"column":27}},"3":{"start":{"line":30,"column":0},"end":{"line":30,"column":33}}},"fnMap":{"0":{"name":"multiplyNumbers","decl":{"start":{"line":23,"column":9},"end":{"line":23,"column":24}},"loc":{"start":{"line":23,"column":43},"end":{"line":28,"column":1}},"line":23}},"branchMap":{"0":{"loc":{"start":{"line":24,"column":2},"end":{"line":26,"column":3}},"type":"if","locations":[{"start":{"line":24,"column":2},"end":{"line":26,"column":3}},{"start":{},"end":{}}],"line":24},"1":{"loc":{"start":{"line":24,"column":6},"end":{"line":24,"column":38}},"type":"binary-expr","locations":[{"start":{"line":24,"column":6},"end":{"line":24,"column":20}},{"start":{"line":24,"column":24},"end":{"line":24,"column":38}}],"line":24}},"s":{"0":4,"1":1,"2":3,"3":1},"f":{"0":4},"b":{"0":[1,3],"1":[4,4]},"_coverageSchema":"1a1c01bbd47fc00a2c39e90264f33305004495a9","hash":"de79386f9479fafb4b175a76a0f5267a71fc1e45"}
,"/home/gabrip2000/Desktop/PAI/2021-2022-pai-tdd-codecov-gabriel-pablo/code/calculator/src/substract.js": {"path":"/home/gabrip2000/Desktop/PAI/2021-2022-pai-tdd-codecov-gabriel-pablo/code/calculator/src/substract.js","statementMap":{"0":{"start":{"line":24,"column":2},"end":{"line":26,"column":3}},"1":{"start":{"line":25,"column":4},"end":{"line":25,"column":30}},"2":{"start":{"line":27,"column":2},"end":{"line":27,"column":27}},"3":{"start":{"line":30,"column":0},"end":{"line":30,"column":34}}},"fnMap":{"0":{"name":"substractNumbers","decl":{"start":{"line":23,"column":9},"end":{"line":23,"column":25}},"loc":{"start":{"line":23,"column":44},"end":{"line":28,"column":1}},"line":23}},"branchMap":{"0":{"loc":{"start":{"line":24,"column":2},"end":{"line":26,"column":3}},"type":"if","locations":[{"start":{"line":24,"column":2},"end":{"line":26,"column":3}},{"start":{},"end":{}}],"line":24},"1":{"loc":{"start":{"line":24,"column":6},"end":{"line":24,"column":38}},"type":"binary-expr","locations":[{"start":{"line":24,"column":6},"end":{"line":24,"column":20}},{"start":{"line":24,"column":24},"end":{"line":24,"column":38}}],"line":24}},"s":{"0":5,"1":1,"2":4,"3":1},"f":{"0":5},"b":{"0":[1,4],"1":[5,5]},"_coverageSchema":"1a1c01bbd47fc00a2c39e90264f33305004495a9","hash":"701f9177245bb41e49824d247d1d7bec977e6ffb"}
,"/home/gabrip2000/Desktop/PAI/2021-2022-pai-tdd-codecov-gabriel-pablo/code/calculator/src/sum.js": {"path":"/home/gabrip2000/Desktop/PAI/2021-2022-pai-tdd-codecov-gabriel-pablo/code/calculator/src/sum.js","statementMap":{"0":{"start":{"line":24,"column":2},"end":{"line":26,"column":3}},"1":{"start":{"line":25,"column":4},"end":{"line":25,"column":30}},"2":{"start":{"line":27,"column":2},"end":{"line":27,"column":27}},"3":{"start":{"line":30,"column":0},"end":{"line":30,"column":28}}},"fnMap":{"0":{"name":"sumNumbers","decl":{"start":{"line":23,"column":9},"end":{"line":23,"column":19}},"loc":{"start":{"line":23,"column":38},"end":{"line":28,"column":1}},"line":23}},"branchMap":{"0":{"loc":{"start":{"line":24,"column":2},"end":{"line":26,"column":3}},"type":"if","locations":[{"start":{"line":24,"column":2},"end":{"line":26,"column":3}},{"start":{},"end":{}}],"line":24},"1":{"loc":{"start":{"line":24,"column":6},"end":{"line":24,"column":38}},"type":"binary-expr","locations":[{"start":{"line":24,"column":6},"end":{"line":24,"column":20}},{"start":{"line":24,"column":24},"end":{"line":24,"column":38}}],"line":24}},"s":{"0":4,"1":1,"2":3,"3":1},"f":{"0":4},"b":{"0":[1,3],"1":[4,4]},"_coverageSchema":"1a1c01bbd47fc00a2c39e90264f33305004495a9","hash":"e3c2a1d77dda8fbd6aa94a1a7f84ce50021f4f9d"}
}
