{"/home/usuario/presentacion/2021-2022-pai-tdd-codecov-gabriel-pablo/code/calculator/src/calculator.js": {"path":"/home/usuario/presentacion/2021-2022-pai-tdd-codecov-gabriel-pablo/code/calculator/src/calculator.js","statementMap":{"0":{"start":{"line":24,"column":2},"end":{"line":26,"column":3}},"1":{"start":{"line":25,"column":4},"end":{"line":25,"column":30}},"2":{"start":{"line":27,"column":2},"end":{"line":27,"column":27}},"3":{"start":{"line":38,"column":2},"end":{"line":40,"column":3}},"4":{"start":{"line":39,"column":4},"end":{"line":39,"column":30}},"5":{"start":{"line":41,"column":2},"end":{"line":41,"column":27}},"6":{"start":{"line":52,"column":2},"end":{"line":54,"column":3}},"7":{"start":{"line":53,"column":4},"end":{"line":53,"column":30}},"8":{"start":{"line":55,"column":2},"end":{"line":55,"column":27}},"9":{"start":{"line":66,"column":2},"end":{"line":68,"column":3}},"10":{"start":{"line":67,"column":4},"end":{"line":67,"column":30}},"11":{"start":{"line":69,"column":2},"end":{"line":69,"column":39}},"12":{"start":{"line":72,"column":0},"end":{"line":72,"column":80}}},"fnMap":{"0":{"name":"sumNumbers","decl":{"start":{"line":23,"column":9},"end":{"line":23,"column":19}},"loc":{"start":{"line":23,"column":38},"end":{"line":28,"column":1}},"line":23},"1":{"name":"substractNumbers","decl":{"start":{"line":37,"column":10},"end":{"line":37,"column":26}},"loc":{"start":{"line":37,"column":45},"end":{"line":42,"column":1}},"line":37},"2":{"name":"multiplyNumbers","decl":{"start":{"line":51,"column":10},"end":{"line":51,"column":25}},"loc":{"start":{"line":51,"column":44},"end":{"line":56,"column":1}},"line":51},"3":{"name":"divideNumbers","decl":{"start":{"line":65,"column":10},"end":{"line":65,"column":23}},"loc":{"start":{"line":65,"column":42},"end":{"line":70,"column":1}},"line":65}},"branchMap":{"0":{"loc":{"start":{"line":24,"column":2},"end":{"line":26,"column":3}},"type":"if","locations":[{"start":{"line":24,"column":2},"end":{"line":26,"column":3}},{"start":{},"end":{}}],"line":24},"1":{"loc":{"start":{"line":24,"column":6},"end":{"line":24,"column":38}},"type":"binary-expr","locations":[{"start":{"line":24,"column":6},"end":{"line":24,"column":20}},{"start":{"line":24,"column":24},"end":{"line":24,"column":38}}],"line":24},"2":{"loc":{"start":{"line":38,"column":2},"end":{"line":40,"column":3}},"type":"if","locations":[{"start":{"line":38,"column":2},"end":{"line":40,"column":3}},{"start":{},"end":{}}],"line":38},"3":{"loc":{"start":{"line":38,"column":6},"end":{"line":38,"column":38}},"type":"binary-expr","locations":[{"start":{"line":38,"column":6},"end":{"line":38,"column":20}},{"start":{"line":38,"column":24},"end":{"line":38,"column":38}}],"line":38},"4":{"loc":{"start":{"line":52,"column":2},"end":{"line":54,"column":3}},"type":"if","locations":[{"start":{"line":52,"column":2},"end":{"line":54,"column":3}},{"start":{},"end":{}}],"line":52},"5":{"loc":{"start":{"line":52,"column":6},"end":{"line":52,"column":38}},"type":"binary-expr","locations":[{"start":{"line":52,"column":6},"end":{"line":52,"column":20}},{"start":{"line":52,"column":24},"end":{"line":52,"column":38}}],"line":52},"6":{"loc":{"start":{"line":66,"column":2},"end":{"line":68,"column":3}},"type":"if","locations":[{"start":{"line":66,"column":2},"end":{"line":68,"column":3}},{"start":{},"end":{}}],"line":66},"7":{"loc":{"start":{"line":66,"column":6},"end":{"line":66,"column":38}},"type":"binary-expr","locations":[{"start":{"line":66,"column":6},"end":{"line":66,"column":20}},{"start":{"line":66,"column":24},"end":{"line":66,"column":38}}],"line":66}},"s":{"0":4,"1":1,"2":3,"3":5,"4":1,"5":4,"6":4,"7":1,"8":3,"9":4,"10":1,"11":3,"12":1},"f":{"0":4,"1":5,"2":4,"3":4},"b":{"0":[1,3],"1":[4,4],"2":[1,4],"3":[5,5],"4":[1,3],"5":[4,4],"6":[1,3],"7":[4,4]},"_coverageSchema":"1a1c01bbd47fc00a2c39e90264f33305004495a9","hash":"339b30640c4e005e4f691c2c20a36f46943d174c"}
}
