TN:
SF:src/division.js
FN:23,divideNumbers
FNF:1
FNH:1
FNDA:4,divideNumbers
DA:24,4
DA:25,1
DA:27,3
DA:30,1
LF:4
LH:4
BRDA:24,0,0,1
BRDA:24,0,1,3
BRDA:24,1,0,4
BRDA:24,1,1,4
BRF:4
BRH:4
end_of_record
TN:
SF:src/product.js
FN:23,multiplyNumbers
FNF:1
FNH:1
FNDA:4,multiplyNumbers
DA:24,4
DA:25,1
DA:27,3
DA:30,1
LF:4
LH:4
BRDA:24,0,0,1
BRDA:24,0,1,3
BRDA:24,1,0,4
BRDA:24,1,1,4
BRF:4
BRH:4
end_of_record
TN:
SF:src/substract.js
FN:23,substractNumbers
FNF:1
FNH:1
FNDA:5,substractNumbers
DA:24,5
DA:25,1
DA:27,4
DA:30,1
LF:4
LH:4
BRDA:24,0,0,1
BRDA:24,0,1,4
BRDA:24,1,0,5
BRDA:24,1,1,5
BRF:4
BRH:4
end_of_record
TN:
SF:src/sum.js
FN:23,sumNumbers
FNF:1
FNH:1
FNDA:4,sumNumbers
DA:24,4
DA:25,1
DA:27,3
DA:30,1
LF:4
LH:4
BRDA:24,0,0,1
BRDA:24,0,1,3
BRDA:24,1,0,4
BRDA:24,1,1,4
BRF:4
BRH:4
end_of_record
