<?xml version="1.0" encoding="UTF-8"?>
<coverage generated="1647539000268" clover="3.2.0">
  <project timestamp="1647539000268" name="All files">
    <metrics statements="13" coveredstatements="13" conditionals="11" coveredconditionals="11" methods="2" coveredmethods="2" elements="26" coveredelements="26" complexity="0" loc="13" ncloc="13" packages="1" files="1" classes="1"/>
    <file name="leap-years-P61634.js" path="/home/usuario/presentacion/2021-2022-pai-tdd-codecov-gabriel-pablo/code/leap-years-P61634/src/leap-years-P61634.js">
      <metrics statements="13" coveredstatements="13" conditionals="11" coveredconditionals="11" methods="2" coveredmethods="2"/>
      <line num="23" count="4" type="cond" truecount="2" falsecount="0"/>
      <line num="24" count="3" type="cond" truecount="2" falsecount="0"/>
      <line num="25" count="1" type="stmt"/>
      <line num="27" count="2" type="cond" truecount="2" falsecount="0"/>
      <line num="28" count="1" type="stmt"/>
      <line num="30" count="1" type="stmt"/>
      <line num="34" count="1" type="stmt"/>
      <line num="43" count="1" type="stmt"/>
      <line num="44" count="2" type="stmt"/>
      <line num="46" count="2" type="cond" truecount="5" falsecount="0"/>
      <line num="47" count="1" type="stmt"/>
      <line num="49" count="1" type="stmt"/>
      <line num="53" count="1" type="stmt"/>
    </file>
  </project>
</coverage>
