<?xml version="1.0" encoding="UTF-8"?>
<coverage generated="1647514680245" clover="3.2.0">
  <project timestamp="1647514680245" name="All files">
    <metrics statements="13" coveredstatements="11" conditionals="11" coveredconditionals="9" methods="2" coveredmethods="2" elements="26" coveredelements="22" complexity="0" loc="13" ncloc="13" packages="1" files="1" classes="1"/>
    <file name="leap-years-P61634.js" path="/home/gabrip2000/Desktop/PAI/2021-2022-pai-tdd-codecov-gabriel-pablo/code/leap-years-P61634/src/leap-years-P61634.js">
      <metrics statements="13" coveredstatements="11" conditionals="11" coveredconditionals="9" methods="2" coveredmethods="2"/>
      <line num="23" count="2" type="cond" truecount="1" falsecount="1"/>
      <line num="24" count="2" type="cond" truecount="2" falsecount="0"/>
      <line num="25" count="1" type="stmt"/>
      <line num="27" count="1" type="cond" truecount="1" falsecount="1"/>
      <line num="28" count="1" type="stmt"/>
      <line num="30" count="0" type="stmt"/>
      <line num="34" count="0" type="stmt"/>
      <line num="43" count="1" type="stmt"/>
      <line num="44" count="2" type="stmt"/>
      <line num="46" count="2" type="cond" truecount="5" falsecount="0"/>
      <line num="47" count="1" type="stmt"/>
      <line num="49" count="1" type="stmt"/>
      <line num="53" count="1" type="stmt"/>
    </file>
  </project>
</coverage>
