{"/home/gabrip2000/Desktop/PAI/2021-2022-pai-tdd-codecov-gabriel-pablo/code/leap-years-P61634/src/leap-years-P61634.js": {"path":"/home/gabrip2000/Desktop/PAI/2021-2022-pai-tdd-codecov-gabriel-pablo/code/leap-years-P61634/src/leap-years-P61634.js","statementMap":{"0":{"start":{"line":23,"column":2},"end":{"line":35,"column":3}},"1":{"start":{"line":24,"column":4},"end":{"line":32,"column":5}},"2":{"start":{"line":25,"column":6},"end":{"line":25,"column":18}},"3":{"start":{"line":27,"column":6},"end":{"line":31,"column":7}},"4":{"start":{"line":28,"column":8},"end":{"line":28,"column":20}},"5":{"start":{"line":30,"column":8},"end":{"line":30,"column":21}},"6":{"start":{"line":34,"column":4},"end":{"line":34,"column":17}},"7":{"start":{"line":43,"column":18},"end":{"line":51,"column":1}},"8":{"start":{"line":44,"column":13},"end":{"line":44,"column":25}},"9":{"start":{"line":46,"column":2},"end":{"line":50,"column":3}},"10":{"start":{"line":47,"column":4},"end":{"line":47,"column":16}},"11":{"start":{"line":49,"column":4},"end":{"line":49,"column":42}},"12":{"start":{"line":53,"column":0},"end":{"line":53,"column":37}}},"fnMap":{"0":{"name":"isLeap","decl":{"start":{"line":22,"column":9},"end":{"line":22,"column":15}},"loc":{"start":{"line":22,"column":22},"end":{"line":36,"column":1}},"line":22},"1":{"name":"(anonymous_1)","decl":{"start":{"line":43,"column":18},"end":{"line":43,"column":19}},"loc":{"start":{"line":43,"column":33},"end":{"line":51,"column":1}},"line":43}},"branchMap":{"0":{"loc":{"start":{"line":23,"column":2},"end":{"line":35,"column":3}},"type":"if","locations":[{"start":{"line":23,"column":2},"end":{"line":35,"column":3}},{"start":{"line":33,"column":9},"end":{"line":35,"column":3}}],"line":23},"1":{"loc":{"start":{"line":24,"column":4},"end":{"line":32,"column":5}},"type":"if","locations":[{"start":{"line":24,"column":4},"end":{"line":32,"column":5}},{"start":{"line":26,"column":11},"end":{"line":32,"column":5}}],"line":24},"2":{"loc":{"start":{"line":27,"column":6},"end":{"line":31,"column":7}},"type":"if","locations":[{"start":{"line":27,"column":6},"end":{"line":31,"column":7}},{"start":{"line":29,"column":13},"end":{"line":31,"column":7}}],"line":27},"3":{"loc":{"start":{"line":46,"column":2},"end":{"line":50,"column":3}},"type":"if","locations":[{"start":{"line":46,"column":2},"end":{"line":50,"column":3}},{"start":{"line":48,"column":9},"end":{"line":50,"column":3}}],"line":46},"4":{"loc":{"start":{"line":46,"column":6},"end":{"line":46,"column":57}},"type":"binary-expr","locations":[{"start":{"line":46,"column":6},"end":{"line":46,"column":18}},{"start":{"line":46,"column":22},"end":{"line":46,"column":44}},{"start":{"line":46,"column":48},"end":{"line":46,"column":57}}],"line":46}},"s":{"0":4,"1":3,"2":1,"3":2,"4":1,"5":1,"6":1,"7":1,"8":2,"9":2,"10":1,"11":1,"12":1},"f":{"0":4,"1":2},"b":{"0":[3,1],"1":[1,2],"2":[1,1],"3":[1,1],"4":[2,1,1]},"_coverageSchema":"1a1c01bbd47fc00a2c39e90264f33305004495a9","hash":"45333e8525fdbfc9b5e933715a99f8f60cf2cd3e"}
}
