<?xml version="1.0" encoding="UTF-8"?>
<coverage generated="1647802809185" clover="3.2.0">
  <project timestamp="1647802809185" name="All files">
    <metrics statements="42" coveredstatements="19" conditionals="19" coveredconditionals="9" methods="5" coveredmethods="3" elements="66" coveredelements="31" complexity="0" loc="42" ncloc="42" packages="1" files="1" classes="1"/>
    <file name="constant-folding.js" path="/home/usuario/presentacion/constant-folding-module-pablo-perez-gonzalez-alu0101318318/src/constant-folding.js">
      <metrics statements="42" coveredstatements="19" conditionals="19" coveredconditionals="9" methods="5" coveredmethods="3"/>
      <line num="2" count="1" type="stmt"/>
      <line num="3" count="1" type="stmt"/>
      <line num="4" count="1" type="stmt"/>
      <line num="5" count="1" type="stmt"/>
      <line num="7" count="1" type="stmt"/>
      <line num="9" count="1" type="stmt"/>
      <line num="18" count="6" type="stmt"/>
      <line num="19" count="6" type="stmt"/>
      <line num="21" count="46" type="cond" truecount="2" falsecount="0"/>
      <line num="25" count="7" type="stmt"/>
      <line num="26" count="39" type="cond" truecount="1" falsecount="1"/>
      <line num="30" count="0" type="stmt"/>
      <line num="31" count="39" type="cond" truecount="1" falsecount="1"/>
      <line num="36" count="0" type="cond" truecount="0" falsecount="2"/>
      <line num="40" count="6" type="stmt"/>
      <line num="41" count="6" type="stmt"/>
      <line num="49" count="7" type="stmt"/>
      <line num="51" count="7" type="stmt"/>
      <line num="52" count="7" type="stmt"/>
      <line num="54" count="7" type="stmt"/>
      <line num="55" count="7" type="stmt"/>
      <line num="63" count="0" type="stmt"/>
      <line num="64" count="0" type="stmt"/>
      <line num="66" count="0" type="stmt"/>
      <line num="67" count="0" type="stmt"/>
      <line num="70" count="0" type="stmt"/>
      <line num="71" count="0" type="stmt"/>
      <line num="73" count="0" type="stmt"/>
      <line num="74" count="0" type="stmt"/>
      <line num="75" count="0" type="stmt"/>
      <line num="76" count="0" type="stmt"/>
      <line num="86" count="0" type="stmt"/>
      <line num="87" count="0" type="stmt"/>
      <line num="88" count="0" type="stmt"/>
      <line num="89" count="0" type="stmt"/>
      <line num="90" count="0" type="cond" truecount="0" falsecount="2"/>
      <line num="91" count="0" type="stmt"/>
      <line num="94" count="0" type="stmt"/>
      <line num="95" count="0" type="stmt"/>
      <line num="97" count="0" type="stmt"/>
      <line num="98" count="0" type="stmt"/>
      <line num="99" count="0" type="stmt"/>
    </file>
  </project>
</coverage>
