{"/home/usuario/presentacion/constant-folding-module-pablo-perez-gonzalez-alu0101318318/src/constant-folding.js": {"path":"/home/usuario/presentacion/constant-folding-module-pablo-perez-gonzalez-alu0101318318/src/constant-folding.js","statementMap":{"0":{"start":{"line":2,"column":11},"end":{"line":2,"column":24}},"1":{"start":{"line":3,"column":18},"end":{"line":3,"column":38}},"2":{"start":{"line":4,"column":15},"end":{"line":4,"column":32}},"3":{"start":{"line":5,"column":19},"end":{"line":5,"column":40}},"4":{"start":{"line":7,"column":0},"end":{"line":7,"column":13}},"5":{"start":{"line":9,"column":0},"end":{"line":9,"column":83}},"6":{"start":{"line":18,"column":12},"end":{"line":18,"column":62}},"7":{"start":{"line":19,"column":2},"end":{"line":39,"column":5}},"8":{"start":{"line":21,"column":6},"end":{"line":37,"column":7}},"9":{"start":{"line":25,"column":8},"end":{"line":25,"column":28}},"10":{"start":{"line":26,"column":13},"end":{"line":37,"column":7}},"11":{"start":{"line":30,"column":8},"end":{"line":30,"column":27}},"12":{"start":{"line":31,"column":13},"end":{"line":37,"column":7}},"13":{"start":{"line":36,"column":8},"end":{"line":36,"column":83}},"14":{"start":{"line":40,"column":10},"end":{"line":40,"column":31}},"15":{"start":{"line":41,"column":2},"end":{"line":41,"column":11}},"16":{"start":{"line":49,"column":2},"end":{"line":49,"column":21}},"17":{"start":{"line":51,"column":2},"end":{"line":51,"column":63}},"18":{"start":{"line":52,"column":2},"end":{"line":52,"column":26}},"19":{"start":{"line":54,"column":2},"end":{"line":54,"column":16}},"20":{"start":{"line":55,"column":2},"end":{"line":55,"column":17}},"21":{"start":{"line":63,"column":2},"end":{"line":63,"column":21}},"22":{"start":{"line":64,"column":15},"end":{"line":64,"column":16}},"23":{"start":{"line":66,"column":2},"end":{"line":68,"column":3}},"24":{"start":{"line":67,"column":4},"end":{"line":67,"column":13}},"25":{"start":{"line":70,"column":2},"end":{"line":70,"column":19}},"26":{"start":{"line":71,"column":2},"end":{"line":71,"column":26}},"27":{"start":{"line":73,"column":2},"end":{"line":73,"column":18}},"28":{"start":{"line":74,"column":2},"end":{"line":74,"column":20}},"29":{"start":{"line":75,"column":2},"end":{"line":75,"column":20}},"30":{"start":{"line":76,"column":2},"end":{"line":76,"column":20}},"31":{"start":{"line":86,"column":2},"end":{"line":86,"column":21}},"32":{"start":{"line":87,"column":14},"end":{"line":87,"column":16}},"33":{"start":{"line":88,"column":2},"end":{"line":93,"column":3}},"34":{"start":{"line":88,"column":15},"end":{"line":88,"column":16}},"35":{"start":{"line":89,"column":4},"end":{"line":89,"column":47}},"36":{"start":{"line":90,"column":4},"end":{"line":92,"column":5}},"37":{"start":{"line":91,"column":6},"end":{"line":91,"column":23}},"38":{"start":{"line":94,"column":2},"end":{"line":94,"column":18}},"39":{"start":{"line":95,"column":2},"end":{"line":95,"column":24}},"40":{"start":{"line":97,"column":2},"end":{"line":97,"column":17}},"41":{"start":{"line":98,"column":2},"end":{"line":98,"column":21}},"42":{"start":{"line":99,"column":2},"end":{"line":99,"column":21}}},"fnMap":{"0":{"name":"constantFolding","decl":{"start":{"line":17,"column":9},"end":{"line":17,"column":24}},"loc":{"start":{"line":17,"column":31},"end":{"line":42,"column":1}},"line":17},"1":{"name":"(anonymous_1)","decl":{"start":{"line":20,"column":11},"end":{"line":20,"column":12}},"loc":{"start":{"line":20,"column":27},"end":{"line":38,"column":5}},"line":20},"2":{"name":"replaceByLiteral","decl":{"start":{"line":48,"column":9},"end":{"line":48,"column":25}},"loc":{"start":{"line":48,"column":29},"end":{"line":56,"column":1}},"line":48},"3":{"name":"replaceByLength","decl":{"start":{"line":62,"column":9},"end":{"line":62,"column":24}},"loc":{"start":{"line":62,"column":28},"end":{"line":77,"column":1}},"line":62},"4":{"name":"replaceByJoin","decl":{"start":{"line":85,"column":9},"end":{"line":85,"column":22}},"loc":{"start":{"line":85,"column":41},"end":{"line":101,"column":1}},"line":85}},"branchMap":{"0":{"loc":{"start":{"line":21,"column":6},"end":{"line":37,"column":7}},"type":"if","locations":[{"start":{"line":21,"column":6},"end":{"line":37,"column":7}},{"start":{"line":26,"column":13},"end":{"line":37,"column":7}}],"line":21},"1":{"loc":{"start":{"line":22,"column":8},"end":{"line":23,"column":61}},"type":"binary-expr","locations":[{"start":{"line":22,"column":8},"end":{"line":22,"column":36}},{"start":{"line":23,"column":8},"end":{"line":23,"column":32}},{"start":{"line":23,"column":36},"end":{"line":23,"column":61}}],"line":22},"2":{"loc":{"start":{"line":26,"column":13},"end":{"line":37,"column":7}},"type":"if","locations":[{"start":{"line":26,"column":13},"end":{"line":37,"column":7}},{"start":{"line":31,"column":13},"end":{"line":37,"column":7}}],"line":26},"3":{"loc":{"start":{"line":27,"column":8},"end":{"line":28,"column":35}},"type":"binary-expr","locations":[{"start":{"line":27,"column":8},"end":{"line":27,"column":36}},{"start":{"line":28,"column":8},"end":{"line":28,"column":35}}],"line":27},"4":{"loc":{"start":{"line":31,"column":13},"end":{"line":37,"column":7}},"type":"if","locations":[{"start":{"line":31,"column":13},"end":{"line":37,"column":7}},{"start":{},"end":{}}],"line":31},"5":{"loc":{"start":{"line":32,"column":8},"end":{"line":34,"column":40}},"type":"binary-expr","locations":[{"start":{"line":32,"column":8},"end":{"line":32,"column":34}},{"start":{"line":33,"column":8},"end":{"line":33,"column":43}},{"start":{"line":34,"column":8},"end":{"line":34,"column":40}}],"line":32},"6":{"loc":{"start":{"line":36,"column":8},"end":{"line":36,"column":82}},"type":"cond-expr","locations":[{"start":{"line":36,"column":25},"end":{"line":36,"column":63}},{"start":{"line":36,"column":66},"end":{"line":36,"column":82}}],"line":36},"7":{"loc":{"start":{"line":85,"column":26},"end":{"line":85,"column":39}},"type":"default-arg","locations":[{"start":{"line":85,"column":36},"end":{"line":85,"column":39}}],"line":85},"8":{"loc":{"start":{"line":90,"column":4},"end":{"line":92,"column":5}},"type":"if","locations":[{"start":{"line":90,"column":4},"end":{"line":92,"column":5}},{"start":{},"end":{}}],"line":90}},"s":{"0":1,"1":1,"2":1,"3":1,"4":1,"5":1,"6":6,"7":6,"8":46,"9":7,"10":39,"11":0,"12":39,"13":0,"14":6,"15":6,"16":7,"17":7,"18":7,"19":7,"20":7,"21":0,"22":0,"23":0,"24":0,"25":0,"26":0,"27":0,"28":0,"29":0,"30":0,"31":0,"32":0,"33":0,"34":0,"35":0,"36":0,"37":0,"38":0,"39":0,"40":0,"41":0,"42":0},"f":{"0":6,"1":46,"2":7,"3":0,"4":0},"b":{"0":[7,39],"1":[46,8,8],"2":[0,39],"3":[39,0],"4":[0,39],"5":[39,0,0],"6":[0,0],"7":[0],"8":[0,0]},"_coverageSchema":"1a1c01bbd47fc00a2c39e90264f33305004495a9","hash":"806bc28a2bd0f8561e73d0548a474eb95f92f57e"}
}
