TN:
SF:src/constant-folding.js
FN:17,constantFolding
FN:20,(anonymous_1)
FN:48,replaceByLiteral
FN:62,replaceByLength
FN:85,replaceByJoin
FNF:5
FNH:3
FNDA:6,constantFolding
FNDA:46,(anonymous_1)
FNDA:7,replaceByLiteral
FNDA:0,replaceByLength
FNDA:0,replaceByJoin
DA:2,1
DA:3,1
DA:4,1
DA:5,1
DA:7,1
DA:9,1
DA:18,6
DA:19,6
DA:21,46
DA:25,7
DA:26,39
DA:30,0
DA:31,39
DA:36,0
DA:40,6
DA:41,6
DA:49,7
DA:51,7
DA:52,7
DA:54,7
DA:55,7
DA:63,0
DA:64,0
DA:66,0
DA:67,0
DA:70,0
DA:71,0
DA:73,0
DA:74,0
DA:75,0
DA:76,0
DA:86,0
DA:87,0
DA:88,0
DA:89,0
DA:90,0
DA:91,0
DA:94,0
DA:95,0
DA:97,0
DA:98,0
DA:99,0
LF:42
LH:19
BRDA:21,0,0,7
BRDA:21,0,1,39
BRDA:22,1,0,46
BRDA:22,1,1,8
BRDA:22,1,2,8
BRDA:26,2,0,0
BRDA:26,2,1,39
BRDA:27,3,0,39
BRDA:27,3,1,0
BRDA:31,4,0,0
BRDA:31,4,1,39
BRDA:32,5,0,39
BRDA:32,5,1,0
BRDA:32,5,2,0
BRDA:36,6,0,0
BRDA:36,6,1,0
BRDA:85,7,0,0
BRDA:90,8,0,0
BRDA:90,8,1,0
BRF:19
BRH:9
end_of_record
