<?xml version="1.0" encoding="UTF-8"?>
<coverage generated="1647598532251" clover="3.2.0">
  <project timestamp="1647598532252" name="All files">
    <metrics statements="50" coveredstatements="33" conditionals="31" coveredconditionals="29" methods="10" coveredmethods="7" elements="91" coveredelements="69" complexity="0" loc="50" ncloc="50" packages="3" files="6" classes="6"/>
    <package name="armstrong-numbers.src">
      <metrics statements="21" coveredstatements="4" conditionals="4" coveredconditionals="2" methods="4" coveredmethods="1"/>
      <file name="armstrong.js" path="/home/usuario/presentacion/2021-2022-pai-tdd-codecov-gabriel-pablo/code/armstrong-numbers/src/armstrong.js">
        <metrics statements="21" coveredstatements="4" conditionals="4" coveredconditionals="2" methods="4" coveredmethods="1"/>
        <line num="28" count="0" type="cond" truecount="0" falsecount="2"/>
        <line num="29" count="0" type="stmt"/>
        <line num="31" count="0" type="stmt"/>
        <line num="41" count="0" type="stmt"/>
        <line num="42" count="0" type="stmt"/>
        <line num="44" count="0" type="stmt"/>
        <line num="45" count="0" type="stmt"/>
        <line num="46" count="0" type="stmt"/>
        <line num="49" count="0" type="stmt"/>
        <line num="58" count="0" type="stmt"/>
        <line num="60" count="0" type="stmt"/>
        <line num="61" count="0" type="stmt"/>
        <line num="63" count="0" type="stmt"/>
        <line num="64" count="0" type="stmt"/>
        <line num="65" count="0" type="stmt"/>
        <line num="66" count="0" type="stmt"/>
        <line num="69" count="0" type="stmt"/>
        <line num="79" count="2" type="cond" truecount="2" falsecount="0"/>
        <line num="80" count="1" type="stmt"/>
        <line num="82" count="1" type="stmt"/>
        <line num="85" count="1" type="stmt"/>
      </file>
    </package>
    <package name="calculator.src">
      <metrics statements="16" coveredstatements="16" conditionals="16" coveredconditionals="16" methods="4" coveredmethods="4"/>
      <file name="division.js" path="/home/usuario/presentacion/2021-2022-pai-tdd-codecov-gabriel-pablo/code/calculator/src/division.js">
        <metrics statements="4" coveredstatements="4" conditionals="4" coveredconditionals="4" methods="1" coveredmethods="1"/>
        <line num="24" count="4" type="cond" truecount="4" falsecount="0"/>
        <line num="25" count="1" type="stmt"/>
        <line num="27" count="3" type="stmt"/>
        <line num="30" count="1" type="stmt"/>
      </file>
      <file name="product.js" path="/home/usuario/presentacion/2021-2022-pai-tdd-codecov-gabriel-pablo/code/calculator/src/product.js">
        <metrics statements="4" coveredstatements="4" conditionals="4" coveredconditionals="4" methods="1" coveredmethods="1"/>
        <line num="24" count="4" type="cond" truecount="4" falsecount="0"/>
        <line num="25" count="1" type="stmt"/>
        <line num="27" count="3" type="stmt"/>
        <line num="30" count="1" type="stmt"/>
      </file>
      <file name="substract.js" path="/home/usuario/presentacion/2021-2022-pai-tdd-codecov-gabriel-pablo/code/calculator/src/substract.js">
        <metrics statements="4" coveredstatements="4" conditionals="4" coveredconditionals="4" methods="1" coveredmethods="1"/>
        <line num="24" count="5" type="cond" truecount="4" falsecount="0"/>
        <line num="25" count="1" type="stmt"/>
        <line num="27" count="4" type="stmt"/>
        <line num="30" count="1" type="stmt"/>
      </file>
      <file name="sum.js" path="/home/usuario/presentacion/2021-2022-pai-tdd-codecov-gabriel-pablo/code/calculator/src/sum.js">
        <metrics statements="4" coveredstatements="4" conditionals="4" coveredconditionals="4" methods="1" coveredmethods="1"/>
        <line num="24" count="4" type="cond" truecount="4" falsecount="0"/>
        <line num="25" count="1" type="stmt"/>
        <line num="27" count="3" type="stmt"/>
        <line num="30" count="1" type="stmt"/>
      </file>
    </package>
    <package name="leap-years-P61634.src">
      <metrics statements="13" coveredstatements="13" conditionals="11" coveredconditionals="11" methods="2" coveredmethods="2"/>
      <file name="leap-years-P61634.js" path="/home/usuario/presentacion/2021-2022-pai-tdd-codecov-gabriel-pablo/code/leap-years-P61634/src/leap-years-P61634.js">
        <metrics statements="13" coveredstatements="13" conditionals="11" coveredconditionals="11" methods="2" coveredmethods="2"/>
        <line num="23" count="4" type="cond" truecount="2" falsecount="0"/>
        <line num="24" count="3" type="cond" truecount="2" falsecount="0"/>
        <line num="25" count="1" type="stmt"/>
        <line num="27" count="2" type="cond" truecount="2" falsecount="0"/>
        <line num="28" count="1" type="stmt"/>
        <line num="30" count="1" type="stmt"/>
        <line num="34" count="1" type="stmt"/>
        <line num="43" count="1" type="stmt"/>
        <line num="44" count="2" type="stmt"/>
        <line num="46" count="2" type="cond" truecount="5" falsecount="0"/>
        <line num="47" count="1" type="stmt"/>
        <line num="49" count="1" type="stmt"/>
        <line num="53" count="1" type="stmt"/>
      </file>
    </package>
  </project>
</coverage>
