<?xml version="1.0" encoding="UTF-8"?>
<coverage generated="1647805191454" clover="3.2.0">
  <project timestamp="1647805191454" name="All files">
    <metrics statements="76" coveredstatements="38" conditionals="35" coveredconditionals="11" methods="13" coveredmethods="10" elements="124" coveredelements="59" complexity="0" loc="76" ncloc="76" packages="3" files="3" classes="3"/>
    <package name="armstrong-numbers.src">
      <metrics statements="33" coveredstatements="18" conditionals="16" coveredconditionals="2" methods="4" coveredmethods="3"/>
      <file name="armstrong.js" path="/home/gabrip2000/Desktop/2021-2022-pai-tdd-codecov-gabriel-pablo/code/armstrong-numbers/src/armstrong.js">
        <metrics statements="33" coveredstatements="18" conditionals="16" coveredconditionals="2" methods="4" coveredmethods="3"/>
        <line num="28" count="4" type="cond" truecount="2" falsecount="0"/>
        <line num="29" count="2" type="stmt"/>
        <line num="31" count="2" type="stmt"/>
        <line num="41" count="9" type="stmt"/>
        <line num="42" count="9" type="stmt"/>
        <line num="44" count="9" type="stmt"/>
        <line num="45" count="15" type="stmt"/>
        <line num="46" count="15" type="stmt"/>
        <line num="49" count="9" type="stmt"/>
        <line num="58" count="6" type="stmt"/>
        <line num="60" count="6" type="stmt"/>
        <line num="61" count="6" type="stmt"/>
        <line num="63" count="6" type="stmt"/>
        <line num="64" count="14" type="stmt"/>
        <line num="65" count="14" type="stmt"/>
        <line num="66" count="14" type="stmt"/>
        <line num="69" count="6" type="stmt"/>
        <line num="79" count="0" type="cond" truecount="0" falsecount="2"/>
        <line num="80" count="0" type="stmt"/>
        <line num="81" count="0" type="cond" truecount="0" falsecount="2"/>
        <line num="82" count="0" type="stmt"/>
        <line num="83" count="0" type="cond" truecount="0" falsecount="2"/>
        <line num="84" count="0" type="stmt"/>
        <line num="85" count="0" type="cond" truecount="0" falsecount="2"/>
        <line num="86" count="0" type="stmt"/>
        <line num="87" count="0" type="cond" truecount="0" falsecount="2"/>
        <line num="88" count="0" type="stmt"/>
        <line num="90" count="0" type="cond" truecount="0" falsecount="2"/>
        <line num="91" count="0" type="stmt"/>
        <line num="92" count="0" type="cond" truecount="0" falsecount="2"/>
        <line num="93" count="0" type="stmt"/>
        <line num="95" count="0" type="stmt"/>
        <line num="100" count="1" type="stmt"/>
      </file>
    </package>
    <package name="calculator.src">
      <metrics statements="1" coveredstatements="1" conditionals="0" coveredconditionals="0" methods="4" coveredmethods="4"/>
      <file name="calculator.js" path="/home/gabrip2000/Desktop/2021-2022-pai-tdd-codecov-gabriel-pablo/code/calculator/src/calculator.js">
        <metrics statements="1" coveredstatements="1" conditionals="0" coveredconditionals="0" methods="4" coveredmethods="4"/>
        <line num="72" count="1" type="stmt"/>
      </file>
    </package>
    <package name="constant-folding-module-pablo-perez-gonzalez-alu0101318318.src">
      <metrics statements="42" coveredstatements="19" conditionals="19" coveredconditionals="9" methods="5" coveredmethods="3"/>
      <file name="constant-folding.js" path="/home/gabrip2000/Desktop/2021-2022-pai-tdd-codecov-gabriel-pablo/code/constant-folding-module-pablo-perez-gonzalez-alu0101318318/src/constant-folding.js">
        <metrics statements="42" coveredstatements="19" conditionals="19" coveredconditionals="9" methods="5" coveredmethods="3"/>
        <line num="2" count="1" type="stmt"/>
        <line num="3" count="1" type="stmt"/>
        <line num="4" count="1" type="stmt"/>
        <line num="5" count="1" type="stmt"/>
        <line num="7" count="1" type="stmt"/>
        <line num="9" count="1" type="stmt"/>
        <line num="18" count="6" type="stmt"/>
        <line num="19" count="6" type="stmt"/>
        <line num="21" count="46" type="cond" truecount="2" falsecount="0"/>
        <line num="25" count="7" type="stmt"/>
        <line num="26" count="39" type="cond" truecount="1" falsecount="1"/>
        <line num="30" count="0" type="stmt"/>
        <line num="31" count="39" type="cond" truecount="1" falsecount="1"/>
        <line num="36" count="0" type="cond" truecount="0" falsecount="2"/>
        <line num="40" count="6" type="stmt"/>
        <line num="41" count="6" type="stmt"/>
        <line num="49" count="7" type="stmt"/>
        <line num="51" count="7" type="stmt"/>
        <line num="52" count="7" type="stmt"/>
        <line num="54" count="7" type="stmt"/>
        <line num="55" count="7" type="stmt"/>
        <line num="63" count="0" type="stmt"/>
        <line num="64" count="0" type="stmt"/>
        <line num="66" count="0" type="stmt"/>
        <line num="67" count="0" type="stmt"/>
        <line num="70" count="0" type="stmt"/>
        <line num="71" count="0" type="stmt"/>
        <line num="73" count="0" type="stmt"/>
        <line num="74" count="0" type="stmt"/>
        <line num="75" count="0" type="stmt"/>
        <line num="76" count="0" type="stmt"/>
        <line num="86" count="0" type="stmt"/>
        <line num="87" count="0" type="stmt"/>
        <line num="88" count="0" type="stmt"/>
        <line num="89" count="0" type="stmt"/>
        <line num="90" count="0" type="cond" truecount="0" falsecount="2"/>
        <line num="91" count="0" type="stmt"/>
        <line num="94" count="0" type="stmt"/>
        <line num="95" count="0" type="stmt"/>
        <line num="97" count="0" type="stmt"/>
        <line num="98" count="0" type="stmt"/>
        <line num="99" count="0" type="stmt"/>
      </file>
    </package>
  </project>
</coverage>
