{"/home/usuario/presentacion/2021-2022-pai-tdd-codecov-gabriel-pablo/code/armstrong-numbers/src/armstrong.js": {"path":"/home/usuario/presentacion/2021-2022-pai-tdd-codecov-gabriel-pablo/code/armstrong-numbers/src/armstrong.js","statementMap":{"0":{"start":{"line":28,"column":2},"end":{"line":32,"column":3}},"1":{"start":{"line":29,"column":4},"end":{"line":29,"column":16}},"2":{"start":{"line":31,"column":4},"end":{"line":31,"column":17}},"3":{"start":{"line":41,"column":22},"end":{"line":41,"column":28}},"4":{"start":{"line":42,"column":15},"end":{"line":42,"column":16}},"5":{"start":{"line":44,"column":2},"end":{"line":47,"column":3}},"6":{"start":{"line":45,"column":4},"end":{"line":45,"column":51}},"7":{"start":{"line":46,"column":4},"end":{"line":46,"column":13}},"8":{"start":{"line":49,"column":2},"end":{"line":49,"column":16}},"9":{"start":{"line":58,"column":17},"end":{"line":58,"column":35}},"10":{"start":{"line":60,"column":22},"end":{"line":60,"column":28}},"11":{"start":{"line":61,"column":15},"end":{"line":61,"column":16}},"12":{"start":{"line":63,"column":2},"end":{"line":67,"column":3}},"13":{"start":{"line":63,"column":15},"end":{"line":63,"column":16}},"14":{"start":{"line":64,"column":4},"end":{"line":64,"column":41}},"15":{"start":{"line":65,"column":4},"end":{"line":65,"column":51}},"16":{"start":{"line":66,"column":4},"end":{"line":66,"column":40}},"17":{"start":{"line":69,"column":2},"end":{"line":69,"column":16}},"18":{"start":{"line":79,"column":2},"end":{"line":81,"column":3}},"19":{"start":{"line":80,"column":4},"end":{"line":80,"column":32}},"20":{"start":{"line":82,"column":2},"end":{"line":82,"column":15}},"21":{"start":{"line":85,"column":0},"end":{"line":85,"column":76}}},"fnMap":{"0":{"name":"isArmstrongNumber","decl":{"start":{"line":27,"column":9},"end":{"line":27,"column":26}},"loc":{"start":{"line":27,"column":35},"end":{"line":33,"column":1}},"line":27},"1":{"name":"calcDigits","decl":{"start":{"line":40,"column":9},"end":{"line":40,"column":19}},"loc":{"start":{"line":40,"column":28},"end":{"line":50,"column":1}},"line":40},"2":{"name":"armstrongValue","decl":{"start":{"line":57,"column":9},"end":{"line":57,"column":23}},"loc":{"start":{"line":57,"column":32},"end":{"line":70,"column":1}},"line":57},"3":{"name":"checkValue","decl":{"start":{"line":78,"column":9},"end":{"line":78,"column":19}},"loc":{"start":{"line":78,"column":27},"end":{"line":83,"column":1}},"line":78}},"branchMap":{"0":{"loc":{"start":{"line":28,"column":2},"end":{"line":32,"column":3}},"type":"if","locations":[{"start":{"line":28,"column":2},"end":{"line":32,"column":3}},{"start":{"line":30,"column":9},"end":{"line":32,"column":3}}],"line":28},"1":{"loc":{"start":{"line":79,"column":2},"end":{"line":81,"column":3}},"type":"if","locations":[{"start":{"line":79,"column":2},"end":{"line":81,"column":3}},{"start":{},"end":{}}],"line":79}},"s":{"0":0,"1":0,"2":0,"3":0,"4":0,"5":0,"6":0,"7":0,"8":0,"9":0,"10":0,"11":0,"12":0,"13":0,"14":0,"15":0,"16":0,"17":0,"18":2,"19":1,"20":1,"21":1},"f":{"0":0,"1":0,"2":0,"3":2},"b":{"0":[0,0],"1":[1,1]},"_coverageSchema":"1a1c01bbd47fc00a2c39e90264f33305004495a9","hash":"04ff700667f10343d6c30d2fa84742f99b94c85a"}
,"/home/usuario/presentacion/2021-2022-pai-tdd-codecov-gabriel-pablo/code/calculator/src/division.js": {"path":"/home/usuario/presentacion/2021-2022-pai-tdd-codecov-gabriel-pablo/code/calculator/src/division.js","statementMap":{"0":{"start":{"line":24,"column":2},"end":{"line":26,"column":3}},"1":{"start":{"line":25,"column":4},"end":{"line":25,"column":30}},"2":{"start":{"line":27,"column":2},"end":{"line":27,"column":39}},"3":{"start":{"line":30,"column":0},"end":{"line":30,"column":31}}},"fnMap":{"0":{"name":"divideNumbers","decl":{"start":{"line":23,"column":9},"end":{"line":23,"column":22}},"loc":{"start":{"line":23,"column":41},"end":{"line":28,"column":1}},"line":23}},"branchMap":{"0":{"loc":{"start":{"line":24,"column":2},"end":{"line":26,"column":3}},"type":"if","locations":[{"start":{"line":24,"column":2},"end":{"line":26,"column":3}},{"start":{},"end":{}}],"line":24},"1":{"loc":{"start":{"line":24,"column":6},"end":{"line":24,"column":38}},"type":"binary-expr","locations":[{"start":{"line":24,"column":6},"end":{"line":24,"column":20}},{"start":{"line":24,"column":24},"end":{"line":24,"column":38}}],"line":24}},"s":{"0":4,"1":1,"2":3,"3":1},"f":{"0":4},"b":{"0":[1,3],"1":[4,4]},"_coverageSchema":"1a1c01bbd47fc00a2c39e90264f33305004495a9","hash":"44e172f6fbed0c0bb66b9e9c29a9a3651f0172ce"}
,"/home/usuario/presentacion/2021-2022-pai-tdd-codecov-gabriel-pablo/code/calculator/src/product.js": {"path":"/home/usuario/presentacion/2021-2022-pai-tdd-codecov-gabriel-pablo/code/calculator/src/product.js","statementMap":{"0":{"start":{"line":24,"column":2},"end":{"line":26,"column":3}},"1":{"start":{"line":25,"column":4},"end":{"line":25,"column":30}},"2":{"start":{"line":27,"column":2},"end":{"line":27,"column":27}},"3":{"start":{"line":30,"column":0},"end":{"line":30,"column":33}}},"fnMap":{"0":{"name":"multiplyNumbers","decl":{"start":{"line":23,"column":9},"end":{"line":23,"column":24}},"loc":{"start":{"line":23,"column":43},"end":{"line":28,"column":1}},"line":23}},"branchMap":{"0":{"loc":{"start":{"line":24,"column":2},"end":{"line":26,"column":3}},"type":"if","locations":[{"start":{"line":24,"column":2},"end":{"line":26,"column":3}},{"start":{},"end":{}}],"line":24},"1":{"loc":{"start":{"line":24,"column":6},"end":{"line":24,"column":38}},"type":"binary-expr","locations":[{"start":{"line":24,"column":6},"end":{"line":24,"column":20}},{"start":{"line":24,"column":24},"end":{"line":24,"column":38}}],"line":24}},"s":{"0":4,"1":1,"2":3,"3":1},"f":{"0":4},"b":{"0":[1,3],"1":[4,4]},"_coverageSchema":"1a1c01bbd47fc00a2c39e90264f33305004495a9","hash":"7bdac9cfefb1d43f05141feeca37d69e7a24cb88"}
,"/home/usuario/presentacion/2021-2022-pai-tdd-codecov-gabriel-pablo/code/calculator/src/substract.js": {"path":"/home/usuario/presentacion/2021-2022-pai-tdd-codecov-gabriel-pablo/code/calculator/src/substract.js","statementMap":{"0":{"start":{"line":24,"column":2},"end":{"line":26,"column":3}},"1":{"start":{"line":25,"column":4},"end":{"line":25,"column":30}},"2":{"start":{"line":27,"column":2},"end":{"line":27,"column":27}},"3":{"start":{"line":30,"column":0},"end":{"line":30,"column":34}}},"fnMap":{"0":{"name":"substractNumbers","decl":{"start":{"line":23,"column":9},"end":{"line":23,"column":25}},"loc":{"start":{"line":23,"column":44},"end":{"line":28,"column":1}},"line":23}},"branchMap":{"0":{"loc":{"start":{"line":24,"column":2},"end":{"line":26,"column":3}},"type":"if","locations":[{"start":{"line":24,"column":2},"end":{"line":26,"column":3}},{"start":{},"end":{}}],"line":24},"1":{"loc":{"start":{"line":24,"column":6},"end":{"line":24,"column":38}},"type":"binary-expr","locations":[{"start":{"line":24,"column":6},"end":{"line":24,"column":20}},{"start":{"line":24,"column":24},"end":{"line":24,"column":38}}],"line":24}},"s":{"0":5,"1":1,"2":4,"3":1},"f":{"0":5},"b":{"0":[1,4],"1":[5,5]},"_coverageSchema":"1a1c01bbd47fc00a2c39e90264f33305004495a9","hash":"632c8b741e5037fc25ba564c5e6e8380df38f69f"}
,"/home/usuario/presentacion/2021-2022-pai-tdd-codecov-gabriel-pablo/code/calculator/src/sum.js": {"path":"/home/usuario/presentacion/2021-2022-pai-tdd-codecov-gabriel-pablo/code/calculator/src/sum.js","statementMap":{"0":{"start":{"line":24,"column":2},"end":{"line":26,"column":3}},"1":{"start":{"line":25,"column":4},"end":{"line":25,"column":30}},"2":{"start":{"line":27,"column":2},"end":{"line":27,"column":27}},"3":{"start":{"line":30,"column":0},"end":{"line":30,"column":28}}},"fnMap":{"0":{"name":"sumNumbers","decl":{"start":{"line":23,"column":9},"end":{"line":23,"column":19}},"loc":{"start":{"line":23,"column":38},"end":{"line":28,"column":1}},"line":23}},"branchMap":{"0":{"loc":{"start":{"line":24,"column":2},"end":{"line":26,"column":3}},"type":"if","locations":[{"start":{"line":24,"column":2},"end":{"line":26,"column":3}},{"start":{},"end":{}}],"line":24},"1":{"loc":{"start":{"line":24,"column":6},"end":{"line":24,"column":38}},"type":"binary-expr","locations":[{"start":{"line":24,"column":6},"end":{"line":24,"column":20}},{"start":{"line":24,"column":24},"end":{"line":24,"column":38}}],"line":24}},"s":{"0":4,"1":1,"2":3,"3":1},"f":{"0":4},"b":{"0":[1,3],"1":[4,4]},"_coverageSchema":"1a1c01bbd47fc00a2c39e90264f33305004495a9","hash":"2a82a002257ee838a4230adebeb596b57a44799c"}
,"/home/usuario/presentacion/2021-2022-pai-tdd-codecov-gabriel-pablo/code/leap-years-P61634/src/leap-years-P61634.js": {"path":"/home/usuario/presentacion/2021-2022-pai-tdd-codecov-gabriel-pablo/code/leap-years-P61634/src/leap-years-P61634.js","statementMap":{"0":{"start":{"line":23,"column":2},"end":{"line":35,"column":3}},"1":{"start":{"line":24,"column":4},"end":{"line":32,"column":5}},"2":{"start":{"line":25,"column":6},"end":{"line":25,"column":18}},"3":{"start":{"line":27,"column":6},"end":{"line":31,"column":7}},"4":{"start":{"line":28,"column":8},"end":{"line":28,"column":20}},"5":{"start":{"line":30,"column":8},"end":{"line":30,"column":21}},"6":{"start":{"line":34,"column":4},"end":{"line":34,"column":17}},"7":{"start":{"line":43,"column":18},"end":{"line":51,"column":1}},"8":{"start":{"line":44,"column":13},"end":{"line":44,"column":25}},"9":{"start":{"line":46,"column":2},"end":{"line":50,"column":3}},"10":{"start":{"line":47,"column":4},"end":{"line":47,"column":16}},"11":{"start":{"line":49,"column":4},"end":{"line":49,"column":42}},"12":{"start":{"line":53,"column":0},"end":{"line":53,"column":37}}},"fnMap":{"0":{"name":"isLeap","decl":{"start":{"line":22,"column":9},"end":{"line":22,"column":15}},"loc":{"start":{"line":22,"column":22},"end":{"line":36,"column":1}},"line":22},"1":{"name":"(anonymous_1)","decl":{"start":{"line":43,"column":18},"end":{"line":43,"column":19}},"loc":{"start":{"line":43,"column":33},"end":{"line":51,"column":1}},"line":43}},"branchMap":{"0":{"loc":{"start":{"line":23,"column":2},"end":{"line":35,"column":3}},"type":"if","locations":[{"start":{"line":23,"column":2},"end":{"line":35,"column":3}},{"start":{"line":33,"column":9},"end":{"line":35,"column":3}}],"line":23},"1":{"loc":{"start":{"line":24,"column":4},"end":{"line":32,"column":5}},"type":"if","locations":[{"start":{"line":24,"column":4},"end":{"line":32,"column":5}},{"start":{"line":26,"column":11},"end":{"line":32,"column":5}}],"line":24},"2":{"loc":{"start":{"line":27,"column":6},"end":{"line":31,"column":7}},"type":"if","locations":[{"start":{"line":27,"column":6},"end":{"line":31,"column":7}},{"start":{"line":29,"column":13},"end":{"line":31,"column":7}}],"line":27},"3":{"loc":{"start":{"line":46,"column":2},"end":{"line":50,"column":3}},"type":"if","locations":[{"start":{"line":46,"column":2},"end":{"line":50,"column":3}},{"start":{"line":48,"column":9},"end":{"line":50,"column":3}}],"line":46},"4":{"loc":{"start":{"line":46,"column":6},"end":{"line":46,"column":57}},"type":"binary-expr","locations":[{"start":{"line":46,"column":6},"end":{"line":46,"column":18}},{"start":{"line":46,"column":22},"end":{"line":46,"column":44}},{"start":{"line":46,"column":48},"end":{"line":46,"column":57}}],"line":46}},"s":{"0":4,"1":3,"2":1,"3":2,"4":1,"5":1,"6":1,"7":1,"8":2,"9":2,"10":1,"11":1,"12":1},"f":{"0":4,"1":2},"b":{"0":[3,1],"1":[1,2],"2":[1,1],"3":[1,1],"4":[2,1,1]},"_coverageSchema":"1a1c01bbd47fc00a2c39e90264f33305004495a9","hash":"717091c6cca5033c3f5021b24d0593dc2bc1695b"}
}
