TN:
SF:code/armstrong-numbers/src/armstrong.js
FN:27,isArmstrongNumber
FN:40,calcDigits
FN:57,armstrongValue
FN:78,checkValue
FNF:4
FNH:1
FNDA:0,isArmstrongNumber
FNDA:0,calcDigits
FNDA:0,armstrongValue
FNDA:2,checkValue
DA:28,0
DA:29,0
DA:31,0
DA:41,0
DA:42,0
DA:44,0
DA:45,0
DA:46,0
DA:49,0
DA:58,0
DA:60,0
DA:61,0
DA:63,0
DA:64,0
DA:65,0
DA:66,0
DA:69,0
DA:79,2
DA:80,1
DA:82,1
DA:85,1
LF:21
LH:4
BRDA:28,0,0,0
BRDA:28,0,1,0
BRDA:79,1,0,1
BRDA:79,1,1,1
BRF:4
BRH:2
end_of_record
TN:
SF:code/calculator/src/division.js
FN:23,divideNumbers
FNF:1
FNH:1
FNDA:4,divideNumbers
DA:24,4
DA:25,1
DA:27,3
DA:30,1
LF:4
LH:4
BRDA:24,0,0,1
BRDA:24,0,1,3
BRDA:24,1,0,4
BRDA:24,1,1,4
BRF:4
BRH:4
end_of_record
TN:
SF:code/calculator/src/product.js
FN:23,multiplyNumbers
FNF:1
FNH:1
FNDA:4,multiplyNumbers
DA:24,4
DA:25,1
DA:27,3
DA:30,1
LF:4
LH:4
BRDA:24,0,0,1
BRDA:24,0,1,3
BRDA:24,1,0,4
BRDA:24,1,1,4
BRF:4
BRH:4
end_of_record
TN:
SF:code/calculator/src/substract.js
FN:23,substractNumbers
FNF:1
FNH:1
FNDA:5,substractNumbers
DA:24,5
DA:25,1
DA:27,4
DA:30,1
LF:4
LH:4
BRDA:24,0,0,1
BRDA:24,0,1,4
BRDA:24,1,0,5
BRDA:24,1,1,5
BRF:4
BRH:4
end_of_record
TN:
SF:code/calculator/src/sum.js
FN:23,sumNumbers
FNF:1
FNH:1
FNDA:4,sumNumbers
DA:24,4
DA:25,1
DA:27,3
DA:30,1
LF:4
LH:4
BRDA:24,0,0,1
BRDA:24,0,1,3
BRDA:24,1,0,4
BRDA:24,1,1,4
BRF:4
BRH:4
end_of_record
TN:
SF:code/leap-years-P61634/src/leap-years-P61634.js
FN:22,isLeap
FN:43,(anonymous_1)
FNF:2
FNH:2
FNDA:4,isLeap
FNDA:2,(anonymous_1)
DA:23,4
DA:24,3
DA:25,1
DA:27,2
DA:28,1
DA:30,1
DA:34,1
DA:43,1
DA:44,2
DA:46,2
DA:47,1
DA:49,1
DA:53,1
LF:13
LH:13
BRDA:23,0,0,3
BRDA:23,0,1,1
BRDA:24,1,0,1
BRDA:24,1,1,2
BRDA:27,2,0,1
BRDA:27,2,1,1
BRDA:46,3,0,1
BRDA:46,3,1,1
BRDA:46,4,0,2
BRDA:46,4,1,1
BRDA:46,4,2,1
BRF:11
BRH:11
end_of_record
