TN:
SF:code/armstrong-numbers/src/armstrong.js
FN:27,isArmstrongNumber
FN:40,calcDigits
FN:57,armstrongValue
FN:78,checkValue
FNF:4
FNH:3
FNDA:4,isArmstrongNumber
FNDA:9,calcDigits
FNDA:6,armstrongValue
FNDA:0,checkValue
DA:28,4
DA:29,2
DA:31,2
DA:41,9
DA:42,9
DA:44,9
DA:45,15
DA:46,15
DA:49,9
DA:58,6
DA:60,6
DA:61,6
DA:63,6
DA:64,14
DA:65,14
DA:66,14
DA:69,6
DA:79,0
DA:80,0
DA:81,0
DA:82,0
DA:83,0
DA:84,0
DA:85,0
DA:86,0
DA:87,0
DA:88,0
DA:90,0
DA:91,0
DA:92,0
DA:93,0
DA:95,0
DA:100,1
LF:33
LH:18
BRDA:28,0,0,2
BRDA:28,0,1,2
BRDA:79,1,0,0
BRDA:79,1,1,0
BRDA:81,2,0,0
BRDA:81,2,1,0
BRDA:83,3,0,0
BRDA:83,3,1,0
BRDA:85,4,0,0
BRDA:85,4,1,0
BRDA:87,5,0,0
BRDA:87,5,1,0
BRDA:90,6,0,0
BRDA:90,6,1,0
BRDA:92,7,0,0
BRDA:92,7,1,0
BRF:16
BRH:2
end_of_record
TN:
SF:code/calculator/src/calculator.js
FN:23,sumNumbers
FN:37,substractNumbers
FN:51,multiplyNumbers
FN:65,divideNumbers
FNF:4
FNH:4
FNDA:4,sumNumbers
FNDA:5,substractNumbers
FNDA:4,multiplyNumbers
FNDA:4,divideNumbers
DA:72,1
LF:1
LH:1
BRF:0
BRH:0
end_of_record
TN:
SF:code/constant-folding-module-pablo-perez-gonzalez-alu0101318318/src/constant-folding.js
FN:17,constantFolding
FN:20,(anonymous_1)
FN:48,replaceByLiteral
FN:62,replaceByLength
FN:85,replaceByJoin
FNF:5
FNH:3
FNDA:6,constantFolding
FNDA:46,(anonymous_1)
FNDA:7,replaceByLiteral
FNDA:0,replaceByLength
FNDA:0,replaceByJoin
DA:2,1
DA:3,1
DA:4,1
DA:5,1
DA:7,1
DA:9,1
DA:18,6
DA:19,6
DA:21,46
DA:25,7
DA:26,39
DA:30,0
DA:31,39
DA:36,0
DA:40,6
DA:41,6
DA:49,7
DA:51,7
DA:52,7
DA:54,7
DA:55,7
DA:63,0
DA:64,0
DA:66,0
DA:67,0
DA:70,0
DA:71,0
DA:73,0
DA:74,0
DA:75,0
DA:76,0
DA:86,0
DA:87,0
DA:88,0
DA:89,0
DA:90,0
DA:91,0
DA:94,0
DA:95,0
DA:97,0
DA:98,0
DA:99,0
LF:42
LH:19
BRDA:21,0,0,7
BRDA:21,0,1,39
BRDA:22,1,0,46
BRDA:22,1,1,8
BRDA:22,1,2,8
BRDA:26,2,0,0
BRDA:26,2,1,39
BRDA:27,3,0,39
BRDA:27,3,1,0
BRDA:31,4,0,0
BRDA:31,4,1,39
BRDA:32,5,0,39
BRDA:32,5,1,0
BRDA:32,5,2,0
BRDA:36,6,0,0
BRDA:36,6,1,0
BRDA:85,7,0,0
BRDA:90,8,0,0
BRDA:90,8,1,0
BRF:19
BRH:9
end_of_record
